# JRE version: OpenJDK Runtime Environment (11.0.4+11) (build 11.0.4+11-post-Ubuntu-1ubuntu218.04.3)
# Java VM: OpenJDK 64-Bit Server VM (11.0.4+11-post-Ubuntu-1ubuntu218.04.3, mixed mode, sharing, tiered, compressed oops, g1 gc, linux-amd64)
Heap:
 garbage-first heap   total 631808K, used 127089K [0x00000000c0000000, 0x0000000100000000)
  region size 1024K, 3 young (3072K), 3 survivors (3072K)
 Metaspace       used 41759K, capacity 44169K, committed 44544K, reserved 1089536K
  class space    used 4380K, capacity 5287K, committed 5376K, reserved 1048576K
GC Heap History (10 events):
Event: 269.867 GC heap after
{Heap after GC invocations=44 (full 0):
 garbage-first heap   total 353280K, used 119052K [0x00000000c0000000, 0x0000000100000000)
  region size 1024K, 3 young (3072K), 3 survivors (3072K)
 Metaspace       used 41699K, capacity 44169K, committed 44544K, reserved 1089536K
  class space    used 4373K, capacity 5287K, committed 5376K, reserved 1048576K
}
Event: 270.891 GC heap before
{Heap before GC invocations=44 (full 0):
 garbage-first heap   total 353280K, used 132364K [0x00000000c0000000, 0x0000000100000000)
  region size 1024K, 17 young (17408K), 3 survivors (3072K)
 Metaspace       used 41706K, capacity 44169K, committed 44544K, reserved 1089536K
  class space    used 4376K, capacity 5287K, committed 5376K, reserved 1048576K
}
Event: 271.310 GC heap after
{Heap after GC invocations=45 (full 0):
 garbage-first heap   total 353280K, used 121358K [0x00000000c0000000, 0x0000000100000000)
  region size 1024K, 3 young (3072K), 3 survivors (3072K)
 Metaspace       used 41706K, capacity 44169K, committed 44544K, reserved 1089536K
  class space    used 4376K, capacity 5287K, committed 5376K, reserved 1048576K
}
Event: 274.555 GC heap before
{Heap before GC invocations=45 (full 0):
 garbage-first heap   total 353280K, used 135694K [0x00000000c0000000, 0x0000000100000000)
  region size 1024K, 17 young (17408K), 3 survivors (3072K)
 Metaspace       used 41725K, capacity 44169K, committed 44544K, reserved 1089536K
  class space    used 4378K, capacity 5287K, committed 5376K, reserved 1048576K
}
Event: 274.905 GC heap after
{Heap after GC invocations=46 (full 0):
 garbage-first heap   total 353280K, used 122855K [0x00000000c0000000, 0x0000000100000000)
  region size 1024K, 2 young (2048K), 2 survivors (2048K)
 Metaspace       used 41725K, capacity 44169K, committed 44544K, reserved 1089536K
  class space    used 4378K, capacity 5287K, committed 5376K, reserved 1048576K
}
Event: 276.385 GC heap before
{Heap before GC invocations=46 (full 0):
 garbage-first heap   total 353280K, used 138215K [0x00000000c0000000, 0x0000000100000000)
  region size 1024K, 17 young (17408K), 2 survivors (2048K)
 Metaspace       used 41734K, capacity 44169K, committed 44544K, reserved 1089536K
  class space    used 4379K, capacity 5287K, committed 5376K, reserved 1048576K
}
Event: 276.655 GC heap after
{Heap after GC invocations=47 (full 0):
 garbage-first heap   total 353280K, used 124268K [0x00000000c0000000, 0x0000000100000000)
  region size 1024K, 3 young (3072K), 3 survivors (3072K)
 Metaspace       used 41734K, capacity 44169K, committed 44544K, reserved 1089536K
  class space    used 4379K, capacity 5287K, committed 5376K, reserved 1048576K
}
Event: 279.052 GC heap before
{Heap before GC invocations=47 (full 0):
 garbage-first heap   total 353280K, used 138604K [0x00000000c0000000, 0x0000000100000000)
  region size 1024K, 17 young (17408K), 3 survivors (3072K)
 Metaspace       used 41744K, capacity 44169K, committed 44544K, reserved 1089536K
  class space    used 4379K, capacity 5287K, committed 5376K, reserved 1048576K
}
Event: 279.452 GC heap after
{Heap after GC invocations=48 (full 0):
 garbage-first heap   total 353280K, used 125680K [0x00000000c0000000, 0x0000000100000000)
  region size 1024K, 3 young (3072K), 3 survivors (3072K)
 Metaspace       used 41744K, capacity 44169K, committed 44544K, reserved 1089536K
  class space    used 4379K, capacity 5287K, committed 5376K, reserved 1048576K
}
Event: 281.735 GC heap before
{Heap before GC invocations=48 (full 0):
 garbage-first heap   total 353280K, used 140016K [0x00000000c0000000, 0x0000000100000000)
  region size 1024K, 17 young (17408K), 3 survivors (3072K)
 Metaspace       used 41759K, capacity 44169K, committed 44544K, reserved 1089536K
  class space    used 4380K, capacity 5287K, committed 5376K, reserved 1048576K
}

